<?xml version="1.0" encoding="UTF-8"?>
<!-- Generated by org.testng.reporters.JUnitReportReporter -->
<testsuite skipped="0" hostname="MOB700327" name="tng.framework.TNG_05_InvocationCounter" tests="1" failures="0" timestamp="2020-08-14T18:04:45 IST" time="7.665" errors="0">
  <testcase name="f1" time="7.665" classname="tng.framework.TNG_05_InvocationCounter"/>
  <system-out/>
</testsuite> <!-- tng.framework.TNG_05_InvocationCounter -->
