<?xml version="1.0" encoding="UTF-8"?>
<!-- Generated by org.testng.reporters.JUnitReportReporter -->
<testsuite skipped="0" hostname="MOB700327" name="tng.framework.TNG_10_BeforeGroup" tests="2" failures="0" timestamp="2020-08-14T18:23:32 IST" time="0.010" errors="0">
  <testcase name="openDummy" time="0.008" classname="tng.framework.TNG_10_BeforeGroup"/>
  <system-out/>
  <testcase name="openReal" time="0.002" classname="tng.framework.TNG_10_BeforeGroup"/>
  <system-out/>
</testsuite> <!-- tng.framework.TNG_10_BeforeGroup -->
