<?xml version="1.0" encoding="UTF-8"?>
<!-- Generated by org.testng.reporters.JUnitReportReporter -->
<testsuite skipped="0" hostname="MOB700327" name="tng.framework.TNG_11_ParallelExecution_02" tests="3" failures="0" timestamp="2020-08-14T18:31:29 IST" time="50.044" errors="0">
  <testcase name="testCase5" time="20.009" classname="tng.framework.TNG_11_ParallelExecution_02"/>
  <system-out/>
  <testcase name="testCase6" time="10.012" classname="tng.framework.TNG_11_ParallelExecution_02"/>
  <system-out/>
  <testcase name="testCase4" time="20.023" classname="tng.framework.TNG_11_ParallelExecution_02"/>
  <system-out/>
</testsuite> <!-- tng.framework.TNG_11_ParallelExecution_02 -->
