<?xml version="1.0" encoding="UTF-8"?>
<!-- Generated by org.testng.reporters.JUnitReportReporter -->
<testsuite hostname="DESKTOP-N6P94DG" failures="0" tests="3" name="tng.framework.TNG_15_Testsuite02" time="0.013" errors="0" timestamp="2020-10-12T21:34:45 IST" skipped="0">
  <testcase classname="tng.framework.TNG_15_Testsuite02" name="deleteVendor" time="0.007"/>
  <system-out/>
  <testcase classname="tng.framework.TNG_15_Testsuite02" name="deleteProduct" time="0.004"/>
  <system-out/>
  <testcase classname="tng.framework.TNG_15_Testsuite02" name="deleteCurrency" time="0.002"/>
  <system-out/>
</testsuite> <!-- tng.framework.TNG_15_Testsuite02 -->
