<?xml version="1.0" encoding="UTF-8"?>
<!-- Generated by org.testng.reporters.JUnitReportReporter -->
<testsuite skipped="0" hostname="MOB700327" name="tng.framework.TNG_16_Excel" tests="1" failures="0" timestamp="2020-08-15T17:07:06 IST" time="12.595" errors="0">
  <testcase name="ReadData" time="12.595" classname="tng.framework.TNG_16_Excel"/>
  <system-out/>
</testsuite> <!-- tng.framework.TNG_16_Excel -->
