<?xml version="1.0" encoding="UTF-8"?>
<!-- Generated by org.testng.reporters.JUnitReportReporter -->
<testsuite skipped="1" hostname="MOB700327" name="tng.framework.TNG_18_Grid" tests="2" failures="0" timestamp="2020-06-14T10:26:37 IST" time="1.492" errors="1">
  <testcase name="setUp" time="1.492" classname="tng.framework.TNG_18_Grid">
    <error type="org.openqa.selenium.SessionNotCreatedException" message="session not created: No matching capabilities found
Build info: version: &#039;3.141.59&#039;, revision: &#039;e82be7d358&#039;, time: &#039;2018-11-14T08:25:53&#039;
System info: host: &#039;MOB700327&#039;, ip: &#039;192.168.103.1&#039;, os.name: &#039;Windows 10&#039;, os.arch: &#039;amd64&#039;, os.version: &#039;10.0&#039;, java.version: &#039;1.8.0_211&#039;
Driver info: driver.version: unknown
remote stacktrace: Backtrace:
	Ordinal0 [0x00E49563+2725219]
	Ordinal0 [0x00D48551+1672529]
	Ordinal0 [0x00C30359+525145]
	Ordinal0 [0x00BDC0C2+180418]
	Ordinal0 [0x00BDBBC7+179143]
	Ordinal0 [0x00BDCAD0+182992]
	Ordinal0 [0x00BDCA3D+182845]
	Ordinal0 [0x00BDA94B+174411]
	Ordinal0 [0x00BC2528+75048]
	Ordinal0 [0x00BC35A0+79264]
	Ordinal0 [0x00BC3539+79161]
	Ordinal0 [0x00D5D607+1758727]
	GetHandleVerifier [0x00F66546+1050150]
	GetHandleVerifier [0x00F66291+1049457]
	GetHandleVerifier [0x00F710D7+1094071]
	GetHandleVerifier [0x00F66B46+1051686]
	Ordinal0 [0x00D55B06+1727238]
	Ordinal0 [0x00D5EB7B+1764219]
	Ordinal0 [0x00D5ECE3+1764579]
	Ordinal0 [0x00D74C05+1854469]
	BaseThreadInitThunk [0x75626359+25]
	RtlGetAppContainerNamedObjectPath [0x77537C24+228]
	RtlGetAppContainerNamedObjectPath [0x77537BF4+180]

Command duration or timeout: 687 milliseconds">
      <![CDATA[org.openqa.selenium.SessionNotCreatedException: session not created: No matching capabilities found
Build info: version: '3.141.59', revision: 'e82be7d358', time: '2018-11-14T08:25:53'
System info: host: 'MOB700327', ip: '192.168.103.1', os.name: 'Windows 10', os.arch: 'amd64', os.version: '10.0', java.version: '1.8.0_211'
Driver info: driver.version: unknown
remote stacktrace: Backtrace:
Ordinal0 [0x00E49563+2725219]
Ordinal0 [0x00D48551+1672529]
Ordinal0 [0x00C30359+525145]
Ordinal0 [0x00BDC0C2+180418]
Ordinal0 [0x00BDBBC7+179143]
Ordinal0 [0x00BDCAD0+182992]
Ordinal0 [0x00BDCA3D+182845]
Ordinal0 [0x00BDA94B+174411]
Ordinal0 [0x00BC2528+75048]
Ordinal0 [0x00BC35A0+79264]
Ordinal0 [0x00BC3539+79161]
Ordinal0 [0x00D5D607+1758727]
GetHandleVerifier [0x00F66546+1050150]
GetHandleVerifier [0x00F66291+1049457]
GetHandleVerifier [0x00F710D7+1094071]
GetHandleVerifier [0x00F66B46+1051686]
Ordinal0 [0x00D55B06+1727238]
Ordinal0 [0x00D5EB7B+1764219]
Ordinal0 [0x00D5ECE3+1764579]
Ordinal0 [0x00D74C05+1854469]
BaseThreadInitThunk [0x75626359+25]
RtlGetAppContainerNamedObjectPath [0x77537C24+228]
RtlGetAppContainerNamedObjectPath [0x77537BF4+180]

Command duration or timeout: 687 milliseconds
at sun.reflect.NativeConstructorAccessorImpl.newInstance0(Native Method)
at sun.reflect.NativeConstructorAccessorImpl.newInstance(Unknown Source)
at sun.reflect.DelegatingConstructorAccessorImpl.newInstance(Unknown Source)
at java.lang.reflect.Constructor.newInstance(Unknown Source)
at org.openqa.selenium.remote.ErrorHandler.createThrowable(ErrorHandler.java:214)
at org.openqa.selenium.remote.ErrorHandler.throwIfResponseFailed(ErrorHandler.java:166)
at org.openqa.selenium.remote.JsonWireProtocolResponse.lambda$errorHandler$0(JsonWireProtocolResponse.java:54)
at org.openqa.selenium.remote.HandshakeResponse.lambda$getResponseFunction$0(HandshakeResponse.java:30)
at org.openqa.selenium.remote.ProtocolHandshake.lambda$createSession$0(ProtocolHandshake.java:126)
at java.util.stream.ReferencePipeline$3$1.accept(Unknown Source)
at java.util.Spliterators$ArraySpliterator.tryAdvance(Unknown Source)
at java.util.stream.ReferencePipeline.forEachWithCancel(Unknown Source)
at java.util.stream.AbstractPipeline.copyIntoWithCancel(Unknown Source)
at java.util.stream.AbstractPipeline.copyInto(Unknown Source)
at java.util.stream.AbstractPipeline.wrapAndCopyInto(Unknown Source)
at java.util.stream.FindOps$FindOp.evaluateSequential(Unknown Source)
at java.util.stream.AbstractPipeline.evaluate(Unknown Source)
at java.util.stream.ReferencePipeline.findFirst(Unknown Source)
at org.openqa.selenium.remote.ProtocolHandshake.createSession(ProtocolHandshake.java:128)
at org.openqa.selenium.remote.ProtocolHandshake.createSession(ProtocolHandshake.java:74)
at org.openqa.selenium.remote.HttpCommandExecutor.execute(HttpCommandExecutor.java:136)
at org.openqa.selenium.remote.RemoteWebDriver.execute(RemoteWebDriver.java:552)
at org.openqa.selenium.remote.RemoteWebDriver.startSession(RemoteWebDriver.java:213)
at org.openqa.selenium.remote.RemoteWebDriver.<init>(RemoteWebDriver.java:131)
at org.openqa.selenium.remote.RemoteWebDriver.<init>(RemoteWebDriver.java:144)
at tng.framework.TNG_18_Grid.setUp(TNG_18_Grid.java:27)
at sun.reflect.NativeMethodAccessorImpl.invoke0(Native Method)
at sun.reflect.NativeMethodAccessorImpl.invoke(Unknown Source)
at sun.reflect.DelegatingMethodAccessorImpl.invoke(Unknown Source)
at java.lang.reflect.Method.invoke(Unknown Source)
at org.testng.internal.MethodInvocationHelper.invokeMethod(MethodInvocationHelper.java:135)
at org.testng.internal.MethodInvocationHelper.invokeMethodConsideringTimeout(MethodInvocationHelper.java:64)
at org.testng.internal.ConfigInvoker.invokeConfigurationMethod(ConfigInvoker.java:364)
at org.testng.internal.ConfigInvoker.invokeConfigurations(ConfigInvoker.java:318)
at org.testng.TestRunner.invokeTestConfigurations(TestRunner.java:620)
at org.testng.TestRunner.beforeRun(TestRunner.java:610)
at org.testng.TestRunner.run(TestRunner.java:581)
at org.testng.SuiteRunner.runTest(SuiteRunner.java:384)
at org.testng.SuiteRunner.runSequentially(SuiteRunner.java:378)
at org.testng.SuiteRunner.privateRun(SuiteRunner.java:337)
at org.testng.SuiteRunner.run(SuiteRunner.java:286)
at org.testng.SuiteRunnerWorker.runSuite(SuiteRunnerWorker.java:53)
at org.testng.SuiteRunnerWorker.run(SuiteRunnerWorker.java:96)
at org.testng.TestNG.runSuitesSequentially(TestNG.java:1214)
at org.testng.TestNG.runSuitesLocally(TestNG.java:1136)
at org.testng.TestNG.runSuites(TestNG.java:1066)
at org.testng.TestNG.run(TestNG.java:1034)
at org.testng.remote.AbstractRemoteTestNG.run(AbstractRemoteTestNG.java:115)
at org.testng.remote.RemoteTestNG.initAndRun(RemoteTestNG.java:251)
at org.testng.remote.RemoteTestNG.main(RemoteTestNG.java:77)
Caused by: org.openqa.selenium.SessionNotCreatedException: session not created: No matching capabilities found
Build info: version: '3.141.59', revision: 'e82be7d358', time: '2018-11-14T08:25:53'
System info: host: 'MOB700327', ip: '192.168.103.1', os.name: 'Windows 10', os.arch: 'amd64', os.version: '10.0', java.version: '1.8.0_211'
Driver info: driver.version: unknown
remote stacktrace: Backtrace:
Ordinal0 [0x00E49563+2725219]
Ordinal0 [0x00D48551+1672529]
Ordinal0 [0x00C30359+525145]
Ordinal0 [0x00BDC0C2+180418]
Ordinal0 [0x00BDBBC7+179143]
Ordinal0 [0x00BDCAD0+182992]
Ordinal0 [0x00BDCA3D+182845]
Ordinal0 [0x00BDA94B+174411]
Ordinal0 [0x00BC2528+75048]
Ordinal0 [0x00BC35A0+79264]
Ordinal0 [0x00BC3539+79161]
Ordinal0 [0x00D5D607+1758727]
GetHandleVerifier [0x00F66546+1050150]
GetHandleVerifier [0x00F66291+1049457]
GetHandleVerifier [0x00F710D7+1094071]
GetHandleVerifier [0x00F66B46+1051686]
Ordinal0 [0x00D55B06+1727238]
Ordinal0 [0x00D5EB7B+1764219]
Ordinal0 [0x00D5ECE3+1764579]
Ordinal0 [0x00D74C05+1854469]
BaseThreadInitThunk [0x75626359+25]
RtlGetAppContainerNamedObjectPath [0x77537C24+228]
RtlGetAppContainerNamedObjectPath [0x77537BF4+180]

Build info: version: '3.141.59', revision: 'e82be7d358', time: '2018-11-14T08:25:48'
System info: host: 'MOB700327', ip: '192.168.103.1', os.name: 'Windows 10', os.arch: 'amd64', os.version: '10.0', java.version: '1.8.0_211'
Driver info: driver.version: unknown
at sun.reflect.NativeConstructorAccessorImpl.newInstance0(Native Method)
at sun.reflect.NativeConstructorAccessorImpl.newInstance(Unknown Source)
at sun.reflect.DelegatingConstructorAccessorImpl.newInstance(Unknown Source)
at java.lang.reflect.Constructor.newInstance(Unknown Source)
at org.openqa.selenium.remote.W3CHandshakeResponse.lambda$errorHandler$0(W3CHandshakeResponse.java:62)
at org.openqa.selenium.remote.HandshakeResponse.lambda$getResponseFunction$0(HandshakeResponse.java:30)
at org.openqa.selenium.remote.ProtocolHandshake.lambda$createSession$0(ProtocolHandshake.java:126)
at java.util.stream.ReferencePipeline$3$1.accept(Unknown Source)
at java.util.Spliterators$ArraySpliterator.tryAdvance(Unknown Source)
at java.util.stream.ReferencePipeline.forEachWithCancel(Unknown Source)
at java.util.stream.AbstractPipeline.copyIntoWithCancel(Unknown Source)
at java.util.stream.AbstractPipeline.copyInto(Unknown Source)
at java.util.stream.AbstractPipeline.wrapAndCopyInto(Unknown Source)
at java.util.stream.FindOps$FindOp.evaluateSequential(Unknown Source)
at java.util.stream.AbstractPipeline.evaluate(Unknown Source)
at java.util.stream.ReferencePipeline.findFirst(Unknown Source)
at org.openqa.selenium.remote.ProtocolHandshake.createSession(ProtocolHandshake.java:128)
at org.openqa.selenium.remote.ProtocolHandshake.createSession(ProtocolHandshake.java:74)
at org.openqa.selenium.grid.session.remote.RemoteSession$Factory.performHandshake(RemoteSession.java:147)
at org.openqa.selenium.grid.session.remote.ServicedSession$Factory.apply(ServicedSession.java:161)
at org.openqa.selenium.remote.server.ActiveSessionFactory.lambda$apply$12(ActiveSessionFactory.java:180)
at java.util.stream.ReferencePipeline$3$1.accept(Unknown Source)
at java.util.stream.ReferencePipeline$11$1.accept(Unknown Source)
at java.util.stream.ReferencePipeline$2$1.accept(Unknown Source)
at java.util.Spliterators$ArraySpliterator.tryAdvance(Unknown Source)
at java.util.stream.ReferencePipeline.forEachWithCancel(Unknown Source)
at java.util.stream.AbstractPipeline.copyIntoWithCancel(Unknown Source)
at java.util.stream.AbstractPipeline.copyInto(Unknown Source)
at java.util.stream.AbstractPipeline.wrapAndCopyInto(Unknown Source)
at java.util.stream.FindOps$FindOp.evaluateSequential(Unknown Source)
at java.util.stream.AbstractPipeline.evaluate(Unknown Source)
at java.util.stream.ReferencePipeline.findFirst(Unknown Source)
at org.openqa.selenium.remote.server.ActiveSessionFactory.apply(ActiveSessionFactory.java:183)
at org.openqa.selenium.remote.server.NewSessionPipeline.lambda$null$2(NewSessionPipeline.java:66)
at java.util.stream.ReferencePipeline$3$1.accept(Unknown Source)
at java.util.stream.ReferencePipeline$2$1.accept(Unknown Source)
at java.util.Collections$2.tryAdvance(Unknown Source)
at java.util.stream.ReferencePipeline.forEachWithCancel(Unknown Source)
at java.util.stream.AbstractPipeline.copyIntoWithCancel(Unknown Source)
at java.util.stream.AbstractPipeline.copyInto(Unknown Source)
at java.util.stream.AbstractPipeline.wrapAndCopyInto(Unknown Source)
at java.util.stream.FindOps$FindOp.evaluateSequential(Unknown Source)
at java.util.stream.AbstractPipeline.evaluate(Unknown Source)
at java.util.stream.ReferencePipeline.findFirst(Unknown Source)
at org.openqa.selenium.remote.server.NewSessionPipeline.lambda$createNewSession$3(NewSessionPipeline.java:69)
at java.util.stream.ReferencePipeline$3$1.accept(Unknown Source)
at java.util.stream.ReferencePipeline$3$1.accept(Unknown Source)
at java.util.stream.ReferencePipeline$3$1.accept(Unknown Source)
at java.util.stream.DistinctOps$1$2.accept(Unknown Source)
at java.util.stream.ReferencePipeline$2$1.accept(Unknown Source)
at java.util.stream.ReferencePipeline$3$1.accept(Unknown Source)
at java.util.stream.ReferencePipeline$2$1.accept(Unknown Source)
at java.util.stream.Streams$StreamBuilderImpl.tryAdvance(Unknown Source)
at java.util.stream.Streams$ConcatSpliterator.tryAdvance(Unknown Source)
at java.util.stream.ReferencePipeline.forEachWithCancel(Unknown Source)
at java.util.stream.AbstractPipeline.copyIntoWithCancel(Unknown Source)
at java.util.stream.AbstractPipeline.copyInto(Unknown Source)
at java.util.stream.AbstractPipeline.wrapAndCopyInto(Unknown Source)
at java.util.stream.FindOps$FindOp.evaluateSequential(Unknown Source)
at java.util.stream.AbstractPipeline.evaluate(Unknown Source)
at java.util.stream.ReferencePipeline.findFirst(Unknown Source)
at org.openqa.selenium.remote.server.NewSessionPipeline.createNewSession(NewSessionPipeline.java:72)
at org.openqa.selenium.remote.server.commandhandler.BeginSession.execute(BeginSession.java:65)
at org.openqa.selenium.remote.server.WebDriverServlet.lambda$handle$0(WebDriverServlet.java:235)
at java.util.concurrent.Executors$RunnableAdapter.call(Unknown Source)
at java.util.concurrent.FutureTask.run(Unknown Source)
at java.util.concurrent.ThreadPoolExecutor.runWorker(Unknown Source)
at java.util.concurrent.ThreadPoolExecutor$Worker.run(Unknown Source)
at java.lang.Thread.run(Unknown Source)
]]>
    </error>
  </testcase> <!-- setUp -->
  <system-out/>
  <testcase name="sampleTest" time="0.000" classname="tng.framework.TNG_18_Grid">
    <skipped/>
  </testcase> <!-- sampleTest -->
  <system-out/>
</testsuite> <!-- tng.framework.TNG_18_Grid -->
