<?xml version="1.0" encoding="UTF-8"?>
<!-- Generated by org.testng.reporters.JUnitReportReporter -->
<testsuite skipped="0" hostname="MOB700327" name="tng.framework.TNG_17_ExtendedReports" tests="2" failures="0" timestamp="2020-08-15T17:12:40 IST" time="3.576" errors="0">
  <testcase name="extentReportsDemo" time="2.268" classname="tng.framework.TNG_17_ExtendedReports"/>
  <system-out/>
  <testcase name="extentReportsDemo1" time="1.308" classname="tng.framework.TNG_17_ExtendedReports"/>
  <system-out/>
</testsuite> <!-- tng.framework.TNG_17_ExtendedReports -->
