<?xml version="1.0" encoding="UTF-8"?>
<!-- Generated by org.testng.reporters.JUnitReportReporter -->
<testsuite skipped="0" hostname="MOB700327" name="tng.framework.TNG_15_TestSuite01" tests="3" failures="0" timestamp="2020-08-15T16:54:17 IST" time="0.009" errors="0">
  <testcase name="addVendor" time="0.005" classname="tng.framework.TNG_15_TestSuite01"/>
  <system-out/>
  <testcase name="addProduct" time="0.002" classname="tng.framework.TNG_15_TestSuite01"/>
  <system-out/>
  <testcase name="addCurrency" time="0.002" classname="tng.framework.TNG_15_TestSuite01"/>
  <system-out/>
</testsuite> <!-- tng.framework.TNG_15_TestSuite01 -->
