<?xml version="1.0" encoding="UTF-8"?>
<!-- Generated by org.testng.reporters.JUnitReportReporter -->
<testsuite skipped="0" hostname="MOB700327" name="tng.framework.TNG_08_Parameters" tests="1" failures="0" timestamp="2020-05-29T06:33:13 IST" time="0.011" errors="0">
  <testcase name="f" time="0.011" classname="tng.framework.TNG_08_Parameters"/>
  <system-out/>
</testsuite> <!-- tng.framework.TNG_08_Parameters -->
