<?xml version="1.0" encoding="UTF-8"?>
<!-- Generated by org.testng.reporters.JUnitReportReporter -->
<testsuite skipped="0" hostname="MOB700327" name="tng.framework.TNG_09_Grouping" tests="4" failures="0" timestamp="2020-08-14T18:20:19 IST" time="0.014" errors="0">
  <testcase name="login" time="0.011" classname="tng.framework.TNG_09_Grouping"/>
  <system-out/>
  <testcase name="search" time="0.001" classname="tng.framework.TNG_09_Grouping"/>
  <system-out/>
  <testcase name="fundTransfer" time="0.001" classname="tng.framework.TNG_09_Grouping"/>
  <system-out/>
  <testcase name="logout" time="0.001" classname="tng.framework.TNG_09_Grouping"/>
  <system-out/>
</testsuite> <!-- tng.framework.TNG_09_Grouping -->
