<?xml version="1.0" encoding="UTF-8"?>
<!-- Generated by org.testng.reporters.JUnitReportReporter -->
<testsuite skipped="0" hostname="MOB700327" name="tng.framework.TNG_15_TestSuite01" tests="3" failures="0" timestamp="2020-05-30T06:48:22 IST" time="0.033" errors="0">
  <testcase name="addVendor" time="0.028" classname="tng.framework.TNG_15_TestSuite01"/>
  <system-out/>
  <testcase name="addProduct" time="0.002" classname="tng.framework.TNG_15_TestSuite01"/>
  <system-out/>
  <testcase name="addCurrency" time="0.003" classname="tng.framework.TNG_15_TestSuite01"/>
  <system-out/>
</testsuite> <!-- tng.framework.TNG_15_TestSuite01 -->
