<?xml version="1.0" encoding="UTF-8"?>
<!-- Generated by org.testng.reporters.JUnitReportReporter -->
<testsuite skipped="0" hostname="MOB700327" name="tng.framework.ExcelTest" tests="1" failures="0" timestamp="2020-05-21T19:32:58 IST" time="1.631" errors="0">
  <testcase name="ReadData" time="1.631" classname="tng.framework.ExcelTest"/>
  <system-out/>
</testsuite> <!-- tng.framework.ExcelTest -->
