<?xml version="1.0" encoding="UTF-8"?>
<!-- Generated by org.testng.reporters.JUnitReportReporter -->
<testsuite skipped="0" hostname="MOB700327" name="tng.framework.AjaxExample" tests="1" failures="0" timestamp="2020-06-20T12:33:54 IST" time="6.010" errors="0">
  <testcase name="test_AjaxExample" time="6.010" classname="tng.framework.AjaxExample"/>
  <system-out/>
</testsuite> <!-- tng.framework.AjaxExample -->
