<?xml version="1.0" encoding="UTF-8"?>
<!-- Generated by org.testng.reporters.JUnitReportReporter -->
<testsuite skipped="0" hostname="MOB700327" name="tng.framework.TNG_18_VideoRecorder" tests="1" failures="0" timestamp="2020-08-15T17:18:08 IST" time="4.827" errors="0">
  <testcase name="getScrollStatus" time="4.827" classname="tng.framework.TNG_18_VideoRecorder"/>
  <system-out/>
</testsuite> <!-- tng.framework.TNG_18_VideoRecorder -->
