<?xml version="1.0" encoding="UTF-8"?>
<!-- Generated by org.testng.reporters.JUnitReportReporter -->
<testsuite skipped="0" hostname="MOB700327" name="tng.framework.TNG_08_Parameters" tests="2" failures="0" timestamp="2020-08-14T18:17:44 IST" time="0.015" errors="0">
  <testcase name="f" time="0.002" classname="tng.framework.TNG_08_Parameters"/>
  <system-out/>
  <testcase name="f" time="0.013" classname="tng.framework.TNG_08_Parameters"/>
  <system-out/>
</testsuite> <!-- tng.framework.TNG_08_Parameters -->
