<?xml version="1.0" encoding="UTF-8"?>
<!-- Generated by org.testng.reporters.JUnitReportReporter -->
<testsuite skipped="0" hostname="MOB700327" name="tng.framework.VideoRecorder" tests="1" failures="0" timestamp="2020-06-28T20:48:31 IST" time="4.571" errors="0">
  <testcase name="getScrollStatus" time="4.571" classname="tng.framework.VideoRecorder"/>
  <system-out/>
</testsuite> <!-- tng.framework.VideoRecorder -->
