<?xml version="1.0" encoding="UTF-8"?>
<!-- Generated by org.testng.reporters.JUnitReportReporter -->
<testsuite skipped="0" hostname="MOB700327" name="tng.framework.TNG_0008_Parameters" tests="1" failures="0" timestamp="20 Jun 2019 15:39:16 GMT" time="0.009" errors="0">
  <testcase name="f" time="0.009" classname="tng.framework.TNG_0008_Parameters"/>
</testsuite> <!-- tng.framework.TNG_0008_Parameters -->
