<?xml version="1.0" encoding="UTF-8"?>
<!-- Generated by org.testng.reporters.JUnitReportReporter -->
<testsuite skipped="0" hostname="MOB700327" name="tng.framework.TNG_11_ParallelExecution_02" tests="3" failures="0" timestamp="2020-05-30T06:42:10 IST" time="50.056" errors="0">
  <testcase name="testCase6" time="10.037" classname="tng.framework.TNG_11_ParallelExecution_02"/>
  <system-out/>
  <testcase name="testCase5" time="20.008" classname="tng.framework.TNG_11_ParallelExecution_02"/>
  <system-out/>
  <testcase name="testCase4" time="20.011" classname="tng.framework.TNG_11_ParallelExecution_02"/>
  <system-out/>
</testsuite> <!-- tng.framework.TNG_11_ParallelExecution_02 -->
