<?xml version="1.0" encoding="UTF-8"?>
<!-- Generated by org.testng.reporters.JUnitReportReporter -->
<testsuite skipped="0" hostname="MOB700327" name="tng.framework.TNG_10_BeforeGroup" tests="2" failures="0" timestamp="2020-05-29T06:37:47 IST" time="0.011" errors="0">
  <testcase name="openDummy" time="0.006" classname="tng.framework.TNG_10_BeforeGroup"/>
  <system-out/>
  <testcase name="openReal" time="0.005" classname="tng.framework.TNG_10_BeforeGroup"/>
  <system-out/>
</testsuite> <!-- tng.framework.TNG_10_BeforeGroup -->
