<?xml version="1.0" encoding="UTF-8"?>
<!-- Generated by org.testng.reporters.JUnitReportReporter -->
<testsuite skipped="0" hostname="MOB700327" name="tng.framework.TNG_09_Grouping" tests="4" failures="0" timestamp="2020-05-29T06:36:39 IST" time="0.016" errors="0">
  <testcase name="login" time="0.009" classname="tng.framework.TNG_09_Grouping"/>
  <system-out/>
  <testcase name="search" time="0.002" classname="tng.framework.TNG_09_Grouping"/>
  <system-out/>
  <testcase name="fundTransfer" time="0.003" classname="tng.framework.TNG_09_Grouping"/>
  <system-out/>
  <testcase name="logout" time="0.002" classname="tng.framework.TNG_09_Grouping"/>
  <system-out/>
</testsuite> <!-- tng.framework.TNG_09_Grouping -->
