<?xml version="1.0" encoding="UTF-8"?>
<!-- Generated by org.testng.reporters.JUnitReportReporter -->
<testsuite skipped="0" hostname="MOB700327" name="tng.framework.ExcelTest" tests="1" failures="0" timestamp="2020-06-01T22:34:46 IST" time="1.413" errors="0">
  <testcase name="ReadData" time="1.413" classname="tng.framework.ExcelTest"/>
  <system-out/>
</testsuite> <!-- tng.framework.ExcelTest -->
