<?xml version="1.0" encoding="UTF-8"?>
<!-- Generated by org.testng.reporters.JUnitReportReporter -->
<testsuite skipped="0" hostname="MOB700327" name="tng.framework.TNG_15_Testsuite02" tests="3" failures="0" timestamp="2020-05-30T06:48:22 IST" time="0.019" errors="0">
  <testcase name="deleteVendor" time="0.002" classname="tng.framework.TNG_15_Testsuite02"/>
  <system-out/>
  <testcase name="deleteProduct" time="0.006" classname="tng.framework.TNG_15_Testsuite02"/>
  <system-out/>
  <testcase name="deleteCurrency" time="0.011" classname="tng.framework.TNG_15_Testsuite02"/>
  <system-out/>
</testsuite> <!-- tng.framework.TNG_15_Testsuite02 -->
