<?xml version="1.0" encoding="UTF-8"?>
<!-- Generated by org.testng.reporters.JUnitReportReporter -->
<testsuite skipped="0" hostname="MOB700327" name="tng.framework.TNG_11_ParallelExecution_01" tests="3" failures="0" timestamp="2020-08-14T18:31:29 IST" time="60.049" errors="0">
  <testcase name="testCase1" time="20.022" classname="tng.framework.TNG_11_ParallelExecution_01"/>
  <system-out/>
  <testcase name="testCase3" time="20.009" classname="tng.framework.TNG_11_ParallelExecution_01"/>
  <system-out/>
  <testcase name="testCase2" time="20.018" classname="tng.framework.TNG_11_ParallelExecution_01"/>
  <system-out/>
</testsuite> <!-- tng.framework.TNG_11_ParallelExecution_01 -->
