<?xml version="1.0" encoding="UTF-8"?>
<!-- Generated by org.testng.reporters.JUnitReportReporter -->
<testsuite hostname="MOB81221" name="maven.test.MultipleTest" tests="1" failures="0" timestamp="2 Mar 2018 13:56:56 GMT" time="0.001" errors="0">
  <testcase name="f1" time="0.001" classname="maven.test.MultipleTest"/>
</testsuite> <!-- maven.test.MultipleTest -->
