<?xml version="1.0" encoding="UTF-8"?>
<!-- Generated by org.testng.reporters.JUnitReportReporter -->
<testsuite hostname="MOB700327" name="maven.test.DemoTest" tests="3" failures="0" timestamp="15 Aug 2020 12:13:34 GMT" time="0.031" errors="0">
  <testcase name="testA" time="0.028" classname="maven.test.DemoTest"/>
  <testcase name="testC" time="0.001" classname="maven.test.DemoTest"/>
  <testcase name="testB" time="0.002" classname="maven.test.DemoTest"/>
</testsuite> <!-- maven.test.DemoTest -->
