<?xml version="1.0" encoding="UTF-8"?>
<!-- Generated by org.testng.reporters.JUnitReportReporter -->
<testsuite hostname="MOB81221" name="maven.test.test" tests="3" failures="0" timestamp="25 Dec 2017 13:26:15 GMT" time="0.019" errors="0">
  <testcase name="testB" time="0.001" classname="maven.test.test"/>
  <testcase name="testC" time="0.001" classname="maven.test.test"/>
  <testcase name="testA" time="0.017" classname="maven.test.test"/>
</testsuite> <!-- maven.test.test -->
