<?xml version="1.0" encoding="UTF-8"?>
<!-- Generated by org.testng.reporters.JUnitReportReporter -->
<testsuite hostname="MOB81221" name="maven.test.DemoTest" tests="3" failures="0" timestamp="2 Mar 2018 13:56:56 GMT" time="0.022" errors="0">
  <testcase name="testA" time="0.018" classname="maven.test.DemoTest"/>
  <testcase name="testC" time="0.002" classname="maven.test.DemoTest"/>
  <testcase name="testB" time="0.002" classname="maven.test.DemoTest"/>
</testsuite> <!-- maven.test.DemoTest -->
