<?xml version="1.0" encoding="UTF-8"?>
<!-- Generated by org.testng.reporters.JUnitReportReporter -->
<testsuite skipped="0" hostname="MOB81221" name="com.w2a.testcases.OpenAccountTest" tests="1" failures="0" timestamp="25 Mar 2019 15:17:28 GMT" time="2.463" errors="0">
  <testcase name="openAccountTest" time="2.463" classname="com.w2a.testcases.OpenAccountTest"/>
</testsuite> <!-- com.w2a.testcases.OpenAccountTest -->
