<?xml version="1.0" encoding="UTF-8"?>
<!-- Generated by org.testng.reporters.JUnitReportReporter -->
<testsuite skipped="0" hostname="MOB81221" name="com.w2a.testcases.BankManagerLoginTest" tests="1" failures="0" timestamp="25 Mar 2019 15:17:28 GMT" time="3.633" errors="0">
  <testcase name="bankManagerLoginTest" time="3.633" classname="com.w2a.testcases.BankManagerLoginTest"/>
</testsuite> <!-- com.w2a.testcases.BankManagerLoginTest -->
