<?xml version="1.0" encoding="UTF-8"?>
<!-- Generated by org.testng.reporters.JUnitReportReporter -->
<testsuite hostname="DESKTOP-N6P94DG" failures="0" tests="1" name="test.LoginTest" time="14.334" errors="0" timestamp="2020-10-13T21:12:19 IST" skipped="0">
  <testcase classname="test.LoginTest" name="test_Home_Page_Appear_inCorrect" time="14.334"/>
  <system-out/>
</testsuite> <!-- test.LoginTest -->
