<?xml version="1.0" encoding="UTF-8"?>
<!-- Generated by org.testng.reporters.JUnitReportReporter -->
<testsuite skipped="0" hostname="MOB700327" name="test.LoginTest" tests="1" failures="0" timestamp="2020-05-31T21:19:50 IST" time="20.358" errors="0">
  <testcase name="test_Home_Page_Appear_inCorrect" time="20.358" classname="test.LoginTest"/>
  <system-out/>
</testsuite> <!-- test.LoginTest -->
