<?xml version="1.0" encoding="UTF-8"?>
<!-- Generated by org.testng.reporters.JUnitReportReporter -->
<testsuite skipped="0" hostname="MOB81221" name="testCases.ExecuteTest" tests="1" failures="0" timestamp="06 May 2019 08:59:06 GMT" time="12.882" errors="0">
  <testcase name="testLogin" time="12.882" classname="testCases.ExecuteTest"/>
</testsuite> <!-- testCases.ExecuteTest -->
