<?xml version="1.0" encoding="UTF-8"?>
<testsuite xmlns:xsi="http://www.w3.org/2001/XMLSchema-instance" xsi:noNamespaceSchemaLocation="https://maven.apache.org/surefire/maven-surefire-plugin/xsd/surefire-test-report.xsd" name="CucumberJunitJava.CucumberJunitJava.UserTestRunner" time="1.46" tests="19" errors="0" skipped="0" failures="0">
  <properties>
    <property name="sun.desktop" value="windows"/>
    <property name="awt.toolkit" value="sun.awt.windows.WToolkit"/>
    <property name="file.encoding.pkg" value="sun.io"/>
    <property name="java.specification.version" value="1.8"/>
    <property name="sun.cpu.isalist" value="amd64"/>
    <property name="sun.jnu.encoding" value="Cp1252"/>
    <property name="java.class.path" value="C:\My\users\eclipse-workspace\CucumberJunitJava\target\test-classes;C:\My\users\eclipse-workspace\CucumberJunitJava\target\classes;C:\Users\assharma\.m2\repository\junit\junit\4.12\junit-4.12.jar;C:\Users\assharma\.m2\repository\org\hamcrest\hamcrest-core\1.3\hamcrest-core-1.3.jar;C:\Users\assharma\.m2\repository\info\cukes\cucumber-html\0.2.3\cucumber-html-0.2.3.jar;C:\Users\assharma\.m2\repository\info\cukes\cucumber-junit\1.2.5\cucumber-junit-1.2.5.jar;C:\Users\assharma\.m2\repository\info\cukes\cucumber-core\1.2.5\cucumber-core-1.2.5.jar;C:\Users\assharma\.m2\repository\info\cukes\cucumber-jvm-deps\1.0.5\cucumber-jvm-deps-1.0.5.jar;C:\Users\assharma\.m2\repository\info\cukes\gherkin\2.12.2\gherkin-2.12.2.jar;C:\Users\assharma\.m2\repository\info\cukes\cucumber-java\1.2.5\cucumber-java-1.2.5.jar;"/>
    <property name="java.vm.vendor" value="Oracle Corporation"/>
    <property name="sun.arch.data.model" value="64"/>
    <property name="user.variant" value=""/>
    <property name="java.vendor.url" value="http://java.oracle.com/"/>
    <property name="user.timezone" value="Asia/Calcutta"/>
    <property name="java.vm.specification.version" value="1.8"/>
    <property name="os.name" value="Windows 10"/>
    <property name="user.country" value="IN"/>
    <property name="sun.java.launcher" value="SUN_STANDARD"/>
    <property name="sun.boot.library.path" value="C:\Program Files\Java\jre1.8.0_211\bin"/>
    <property name="sun.java.command" value="C:\Users\assharma\AppData\Local\Temp\surefire4655787015473048450\surefirebooter8904749185989525754.jar C:\Users\assharma\AppData\Local\Temp\surefire4655787015473048450 2020-05-28T20-46-35_657-jvmRun1 surefire277571271750419570tmp surefire_08061654033822011789tmp"/>
    <property name="surefire.test.class.path" value="C:\My\users\eclipse-workspace\CucumberJunitJava\target\test-classes;C:\My\users\eclipse-workspace\CucumberJunitJava\target\classes;C:\Users\assharma\.m2\repository\junit\junit\4.12\junit-4.12.jar;C:\Users\assharma\.m2\repository\org\hamcrest\hamcrest-core\1.3\hamcrest-core-1.3.jar;C:\Users\assharma\.m2\repository\info\cukes\cucumber-html\0.2.3\cucumber-html-0.2.3.jar;C:\Users\assharma\.m2\repository\info\cukes\cucumber-junit\1.2.5\cucumber-junit-1.2.5.jar;C:\Users\assharma\.m2\repository\info\cukes\cucumber-core\1.2.5\cucumber-core-1.2.5.jar;C:\Users\assharma\.m2\repository\info\cukes\cucumber-jvm-deps\1.0.5\cucumber-jvm-deps-1.0.5.jar;C:\Users\assharma\.m2\repository\info\cukes\gherkin\2.12.2\gherkin-2.12.2.jar;C:\Users\assharma\.m2\repository\info\cukes\cucumber-java\1.2.5\cucumber-java-1.2.5.jar;"/>
    <property name="sun.cpu.endian" value="little"/>
    <property name="user.home" value="C:\Users\assharma"/>
    <property name="user.language" value="en"/>
    <property name="java.specification.vendor" value="Oracle Corporation"/>
    <property name="java.home" value="C:\Program Files\Java\jre1.8.0_211"/>
    <property name="basedir" value="C:\My\users\eclipse-workspace\CucumberJunitJava"/>
    <property name="file.separator" value="\"/>
    <property name="line.separator" value="&#10;"/>
    <property name="java.vm.specification.vendor" value="Oracle Corporation"/>
    <property name="java.specification.name" value="Java Platform API Specification"/>
    <property name="java.awt.graphicsenv" value="sun.awt.Win32GraphicsEnvironment"/>
    <property name="surefire.real.class.path" value="C:\Users\assharma\AppData\Local\Temp\surefire4655787015473048450\surefirebooter8904749185989525754.jar"/>
    <property name="sun.boot.class.path" value="C:\Program Files\Java\jre1.8.0_211\lib\resources.jar;C:\Program Files\Java\jre1.8.0_211\lib\rt.jar;C:\Program Files\Java\jre1.8.0_211\lib\sunrsasign.jar;C:\Program Files\Java\jre1.8.0_211\lib\jsse.jar;C:\Program Files\Java\jre1.8.0_211\lib\jce.jar;C:\Program Files\Java\jre1.8.0_211\lib\charsets.jar;C:\Program Files\Java\jre1.8.0_211\lib\jfr.jar;C:\Program Files\Java\jre1.8.0_211\classes"/>
    <property name="user.script" value=""/>
    <property name="sun.management.compiler" value="HotSpot 64-Bit Tiered Compilers"/>
    <property name="java.runtime.version" value="1.8.0_211-b12"/>
    <property name="user.name" value="assharma"/>
    <property name="path.separator" value=";"/>
    <property name="os.version" value="10.0"/>
    <property name="java.endorsed.dirs" value="C:\Program Files\Java\jre1.8.0_211\lib\endorsed"/>
    <property name="java.runtime.name" value="Java(TM) SE Runtime Environment"/>
    <property name="file.encoding" value="Cp1252"/>
    <property name="java.vm.name" value="Java HotSpot(TM) 64-Bit Server VM"/>
    <property name="localRepository" value="C:\Users\assharma\.m2\repository"/>
    <property name="java.vendor.url.bug" value="http://bugreport.sun.com/bugreport/"/>
    <property name="java.io.tmpdir" value="C:\Users\assharma\AppData\Local\Temp\"/>
    <property name="java.version" value="1.8.0_211"/>
    <property name="user.dir" value="C:\My\users\eclipse-workspace\CucumberJunitJava"/>
    <property name="os.arch" value="amd64"/>
    <property name="java.vm.specification.name" value="Java Virtual Machine Specification"/>
    <property name="java.awt.printerjob" value="sun.awt.windows.WPrinterJob"/>
    <property name="sun.os.patch.level" value=""/>
    <property name="java.library.path" value="C:\Program Files\Java\jre1.8.0_211\bin;C:\WINDOWS\Sun\Java\bin;C:\WINDOWS\system32;C:\WINDOWS;C:/Program Files/Java/jre1.8.0_211/bin/server;C:/Program Files/Java/jre1.8.0_211/bin;C:/Program Files/Java/jre1.8.0_211/lib/amd64;C:\Users\assharma\AppData\Local\Programs\Python\Python37-32\Scripts;C:\Users\assharma\AppData\Local\Programs\Python\Python37-32;C:\Program Files (x86)\Common Files\Oracle\Java\javapath;C:\WINDOWS\system32;C:\WINDOWS;C:\WINDOWS\System32\Wbem;C:\WINDOWS\System32\WindowsPowerShell\v1.0\;C:\WINDOWS\System32\OpenSSH\;C:\Program Files\dotnet\;C:\Program Files (x86)\dotnet\;C:\Program Files\Java\jre1.8.0_211\bin;C:\Program Files\Perforce\;C:\Program Files\Git\cmd;C:\Python27\DLLs;C:\Python27;C:\Program Files\nodejs\;C:\Program Files\nodejs;C:\My\Study\webdriver_exe;C:\Program Files\Java\jdk-12.0.1\bin;C:\Program Files\MySQL\MySQL Shell 8.0\bin\;C:\Users\assharma\AppData\Roaming\npm;C:\Users\assharma\AppData\Local\Microsoft\WindowsApps;;C:\Users\assharma\AppData\Local\Programs\Microsoft VS Code\bin;C:\My\eclipse-java-2019-03-R-win32-x86_64\eclipse;;."/>
    <property name="java.vm.info" value="mixed mode"/>
    <property name="java.vendor" value="Oracle Corporation"/>
    <property name="java.vm.version" value="25.211-b12"/>
    <property name="java.ext.dirs" value="C:\Program Files\Java\jre1.8.0_211\lib\ext;C:\WINDOWS\Sun\Java\lib\ext"/>
    <property name="sun.io.unicode.encoding" value="UnicodeLittle"/>
    <property name="java.class.version" value="52.0"/>
  </properties>
  <testcase name="Given that the user x is given a task to clear Java certification exam" classname="Scenario: User is failed" time="0.001"/>
  <testcase name="Given that the user x is given a task to clear Java certification exam" classname="Scenario: User is failed" time="0"/>
  <testcase name="When x got 40 marks in exam" classname="Scenario: User is failed" time="0"/>
  <testcase name="When x got 40 marks in exam" classname="Scenario: User is failed" time="0"/>
  <testcase name="Then x is not known as Java certified" classname="Scenario: User is failed" time="0"/>
  <testcase name="Then x is not known as Java certified" classname="Scenario: User is failed" time="0.001"/>
  <testcase name="Scenario: User is failed" classname="Scenario: User is failed" time="0.001"/>
  <testcase name="Scenario: User is failed" classname="Scenario: User is failed" time="0.005"/>
  <testcase name="When User is ready to test" classname="Scenario: User is Passed" time="0"/>
  <testcase name="Given that the user Vinod is given a task to clear Java certification exam" classname="Scenario: User is Passed" time="0"/>
  <testcase name="When Vinod got 60 marks in exam" classname="Scenario: User is Passed" time="0"/>
  <testcase name="Then Vinod is known as Java certified" classname="Scenario: User is Passed" time="0.001"/>
  <testcase name="Scenario: User is Passed" classname="Scenario: User is Passed" time="0.001"/>
  <testcase name="When User is ready to test" classname="Scenario: User is Passed in certification" time="0"/>
  <testcase name="Given that the user Ashok is given a task to clear Java certification exam" classname="Scenario: User is Passed in certification" time="0"/>
  <testcase name="When Ashok got 80 marks in exam" classname="Scenario: User is Passed in certification" time="0"/>
  <testcase name="Then Ashok is known as Java certified" classname="Scenario: User is Passed in certification" time="0"/>
  <testcase name="Scenario: User is Passed in certification" classname="Scenario: User is Passed in certification" time="0"/>
  <testcase name="When User is ready to test" classname="Scenario: User is failed" time="0"/>
</testsuite>