<?xml version="1.0" encoding="UTF-8"?>
<!-- Generated by org.testng.reporters.JUnitReportReporter -->
<testsuite skipped="0" hostname="MOB81221" name="test.Test99GuruLoginWithPageFactory" tests="1" failures="0" timestamp="23 Dec 2017 05:36:09 GMT" time="1.464" errors="0">
  <testcase name="test_Home_Page_Appear_Correct" time="1.464" classname="test.Test99GuruLoginWithPageFactory"/>
</testsuite> <!-- test.Test99GuruLoginWithPageFactory -->
