<?xml version="1.0" encoding="UTF-8"?>
<!-- Generated by org.testng.reporters.JUnitReportReporter -->
<testsuite skipped="0" hostname="MOB700327" name="test.LoginWithPageFactory" tests="1" failures="0" timestamp="2020-05-21T20:04:34 IST" time="0.373" errors="0">
  <testcase name="test_Home_Page_Appear_Correct" time="0.373" classname="test.LoginWithPageFactory"/>
  <system-out/>
</testsuite> <!-- test.LoginWithPageFactory -->
