<?xml version="1.0" encoding="UTF-8"?>
<!-- Generated by org.testng.reporters.JUnitReportReporter -->
<testsuite hostname="DESKTOP-N6P94DG" failures="0" tests="3" name="maven.test.DemoTest" time="0.011" errors="0" timestamp="13 Oct 2020 15:53:42 GMT">
  <testcase classname="maven.test.DemoTest" name="testA" time="0.010"/>
  <testcase classname="maven.test.DemoTest" name="testC" time="0.001"/>
  <testcase classname="maven.test.DemoTest" name="testB" time="0.000"/>
</testsuite> <!-- maven.test.DemoTest -->
