<?xml version="1.0" encoding="UTF-8"?>
<!-- Generated by org.testng.reporters.JUnitReportReporter -->
<testsuite hostname="DESKTOP-N6P94DG" failures="0" tests="1" name="maven.test.MultipleTest" time="0.002" errors="0" timestamp="13 Oct 2020 15:53:42 GMT">
  <testcase classname="maven.test.MultipleTest" name="f1" time="0.002"/>
</testsuite> <!-- maven.test.MultipleTest -->
