<?xml version="1.0" encoding="UTF-8"?>
<!-- Generated by org.testng.reporters.JUnitReportReporter -->
<testsuite hostname="MOB700327" failures="0" tests="1" name="maven.test.MultipleTest" time="0.000" errors="0" timestamp="30 May 2020 13:12:56 GMT">
  <testcase classname="maven.test.MultipleTest" name="f1" time="0.000"/>
</testsuite> <!-- maven.test.MultipleTest -->
