<?xml version="1.0" encoding="UTF-8"?>
<!-- Generated by org.testng.reporters.JUnitReportReporter -->
<testsuite hostname="MOB700327" failures="0" tests="3" name="maven.test.DemoTest" time="0.013" errors="0" timestamp="30 May 2020 13:12:56 GMT">
  <testcase classname="maven.test.DemoTest" name="testC" time="0.000"/>
  <testcase classname="maven.test.DemoTest" name="testA" time="0.013"/>
  <testcase classname="maven.test.DemoTest" name="testB" time="0.000"/>
</testsuite> <!-- maven.test.DemoTest -->
